16-Oct-2022 00:50:34 INFO - Hotels are viewed
17-Oct-2022 00:24:18 INFO - New hotel added
17-Oct-2022 00:25:12 ERROR - Hotel not found to add employee
17-Oct-2022 00:25:16 INFO - Employee added
17-Oct-2022 00:26:35 INFO - Employee deleted
17-Oct-2022 08:35:47 INFO - New hotel added
17-Oct-2022 08:36:38 INFO - Employee added
17-Oct-2022 08:37:55 INFO - Employee deleted
17-Oct-2022 08:38:20 INFO - Employee added
17-Oct-2022 08:38:55 INFO - Hotel deleted
17-Oct-2022 08:49:24 INFO - New hotel added
17-Oct-2022 08:53:14 INFO - Hotel modified
17-Oct-2022 08:54:01 INFO - Hotel searched by id
17-Oct-2022 08:55:03 INFO - Hotels are listed
17-Oct-2022 08:56:08 INFO - Hotel deleted
17-Oct-2022 08:58:40 INFO - New hotel added
17-Oct-2022 09:01:33 INFO - Room added
17-Oct-2022 09:03:39 INFO - Room details modified
17-Oct-2022 09:04:51 INFO - Room searched by id
17-Oct-2022 09:05:35 INFO - Rooms listed
17-Oct-2022 09:06:37 INFO - Room deleted
17-Oct-2022 09:11:19 INFO - Employee added
17-Oct-2022 09:14:44 INFO - Employee added
17-Oct-2022 09:15:57 INFO - Employee details modified
17-Oct-2022 09:23:28 INFO - Employee credentials modified
17-Oct-2022 09:26:49 INFO - Employee details modified
17-Oct-2022 09:29:16 INFO - Employee searched by id
17-Oct-2022 09:30:50 INFO - Employees listed
17-Oct-2022 09:31:51 INFO - Employee deleted
17-Oct-2022 09:33:43 INFO - Employee payment added
17-Oct-2022 09:35:26 INFO - Employee payment added
17-Oct-2022 09:35:58 ERROR - Employee payment not found
17-Oct-2022 09:36:25 INFO - Employees listed
17-Oct-2022 09:37:48 INFO - Employee payment details modified
17-Oct-2022 09:42:24 INFO - Employee payment searched by id
17-Oct-2022 09:43:07 INFO - Employee payments listed
17-Oct-2022 09:44:22 INFO - Employee payment deleted
17-Oct-2022 09:47:24 INFO - Employee added
17-Oct-2022 09:49:09 INFO - Employee payment added
17-Oct-2022 09:49:13 INFO - Employee payment added
17-Oct-2022 09:50:04 INFO - Employee deleted
17-Oct-2022 10:50:11 INFO - Employee viewed his details
17-Oct-2022 11:19:02 INFO - Hotels are listed
17-Oct-2022 11:19:11 INFO - Hotels viewed by customer
17-Oct-2022 11:21:00 ERROR - Hotel not found
17-Oct-2022 11:21:10 INFO - Hotel searched by name
17-Oct-2022 11:23:45 ERROR - Hotel not booked . Room not found
17-Oct-2022 11:24:26 INFO - Hotel booked by customer
17-Oct-2022 11:25:51 INFO - Booking modified
17-Oct-2022 11:27:34 INFO - Bookings listed
17-Oct-2022 11:29:25 INFO - Hotels viewed by customer
17-Oct-2022 11:30:07 INFO - Hotel booked by customer
17-Oct-2022 11:32:10 INFO - Room added by employee
17-Oct-2022 11:32:23 INFO - Room added by employee
17-Oct-2022 11:32:55 INFO - Hotels viewed by customer
17-Oct-2022 11:34:03 INFO - Hotel booked by customer
17-Oct-2022 11:34:53 INFO - Booking modified
17-Oct-2022 11:35:51 INFO - Booking cancelled
17-Oct-2022 11:41:59 INFO - Payments listed
17-Oct-2022 11:43:17 INFO - Booking payment added
17-Oct-2022 11:44:14 INFO - Payments listed
17-Oct-2022 11:45:59 INFO - Payment modified
17-Oct-2022 11:46:33 INFO - Payment searched
17-Oct-2022 11:47:09 INFO - Booking payment deleted
17-Oct-2022 11:48:11 INFO - Bookings viewed by employee
17-Oct-2022 11:48:48 INFO - Bookings listed
18-Oct-2022 09:28:12 INFO - Hotels are listed
18-Oct-2022 10:12:54 INFO - New hotel added
18-Oct-2022 10:13:14 INFO - Hotels are listed
18-Oct-2022 10:14:37 INFO - Hotel modified
18-Oct-2022 10:15:36 INFO - Hotel searched by id
18-Oct-2022 10:17:06 INFO - Hotels are listed
18-Oct-2022 10:17:29 ERROR - Hotel not found to modify
18-Oct-2022 10:19:02 ERROR - Hotel not found to modify
18-Oct-2022 10:21:43 ERROR - Hotel not found to modify
18-Oct-2022 10:22:06 INFO - Hotel modified
18-Oct-2022 10:22:47 INFO - Hotels viewed by customer
18-Oct-2022 10:24:48 INFO - Room added
18-Oct-2022 10:24:59 INFO - Hotels are listed
18-Oct-2022 10:29:27 INFO - Hotel deleted
18-Oct-2022 10:32:29 ERROR - Hotel not found
18-Oct-2022 10:32:45 INFO - Hotel searched by name
18-Oct-2022 10:33:18 ERROR - Hotel not booked . Room not found
18-Oct-2022 10:35:35 INFO - Hotel booked by customer
18-Oct-2022 10:36:30 INFO - Hotel booked by customer
18-Oct-2022 10:37:09 INFO - Bookings listed
18-Oct-2022 10:38:12 INFO - Hotel searched by name
18-Oct-2022 10:40:41 INFO - Bookings listed
18-Oct-2022 10:41:19 INFO - Booking modified
18-Oct-2022 10:41:39 INFO - Booking modified
18-Oct-2022 10:43:51 INFO - Bookings listed
18-Oct-2022 10:44:25 INFO - Booking modified
18-Oct-2022 10:44:48 INFO - Booking modified
18-Oct-2022 10:45:09 INFO - Booking modified
18-Oct-2022 10:46:27 ERROR - No employee exist
18-Oct-2022 10:46:43 INFO - Bookings viewed by employee
18-Oct-2022 10:47:33 INFO - Booking payment added
18-Oct-2022 10:48:02 INFO - Payments listed
19-Oct-2022 12:38:48 INFO - New hotel added
19-Oct-2022 12:39:08 INFO - Hotels are listed
19-Oct-2022 12:39:46 INFO - Hotel searched by id
19-Oct-2022 12:39:57 ERROR - Hotel not found to modify
19-Oct-2022 12:41:47 INFO - Room added
19-Oct-2022 12:42:09 INFO - Hotel searched by id
19-Oct-2022 12:42:58 INFO - Rooms listed
19-Oct-2022 12:44:04 ERROR - Hotel not found to add employee
19-Oct-2022 12:44:15 INFO - Employee added
19-Oct-2022 12:45:38 INFO - Employee payment added
19-Oct-2022 12:45:45 INFO - Employee payment added
19-Oct-2022 12:46:23 INFO - Employee viewed his details
19-Oct-2022 12:47:37 INFO - Booking payment added
19-Oct-2022 12:48:35 INFO - Payments listed
19-Oct-2022 12:49:25 INFO - Hotels viewed by customer
19-Oct-2022 12:50:18 INFO - Hotel searched by name
19-Oct-2022 12:50:27 ERROR - Hotel not found
19-Oct-2022 12:51:59 INFO - Hotel booked by customer
19-Oct-2022 12:52:31 INFO - Hotels viewed by customer
19-Oct-2022 12:53:28 INFO - Hotel booked by customer
19-Oct-2022 12:53:52 INFO - Bookings listed
19-Oct-2022 12:54:46 INFO - Booking modified
19-Oct-2022 12:55:06 INFO - Bookings listed
19-Oct-2022 12:55:31 INFO - Booking cancelled
19-Oct-2022 12:55:40 INFO - Bookings listed
19-Oct-2022 12:56:33 INFO - Bookings viewed by employee
19-Oct-2022 12:59:36 INFO - Hotel deleted
19-Oct-2022 13:01:03 INFO - Employee added
19-Oct-2022 13:01:50 INFO - Employee payment added
19-Oct-2022 13:01:55 INFO - Employee payment added
19-Oct-2022 13:02:44 INFO - Employee deleted
19-Oct-2022 19:29:50 INFO - New hotel added
19-Oct-2022 19:30:22 INFO - Hotels viewed by customer
19-Oct-2022 19:31:16 ERROR - Hotel not booked . Room not found
19-Oct-2022 19:35:31 ERROR - Hotel not booked . Room not found
19-Oct-2022 19:42:02 INFO - Hotel booked by customer
19-Oct-2022 19:42:21 ERROR - Hotel not booked . Room not found
19-Oct-2022 19:44:08 INFO - Bookings listed
19-Oct-2022 19:45:25 INFO - Hotel booked by customer
19-Oct-2022 19:46:13 INFO - Booking modified
19-Oct-2022 19:48:52 INFO - Booking cancelled
19-Oct-2022 19:49:35 INFO - Hotel booked by customer
19-Oct-2022 19:49:50 INFO - Hotels viewed by customer
20-Oct-2022 12:25:19 INFO - Hotels viewed by customer
20-Oct-2022 12:40:31 INFO - New hotel added
20-Oct-2022 12:42:55 ERROR - Hotel not found to add room
20-Oct-2022 12:43:01 INFO - Room added
20-Oct-2022 12:43:25 INFO - Hotel searched by id
20-Oct-2022 12:44:20 INFO - Employee added
20-Oct-2022 12:45:21 INFO - Employee searched by id
20-Oct-2022 12:46:00 INFO - Employee payment added
20-Oct-2022 12:46:23 INFO - Employees listed
20-Oct-2022 12:47:28 INFO - Hotels viewed by customer
20-Oct-2022 12:47:37 INFO - Hotel searched by name
20-Oct-2022 12:47:42 ERROR - Hotel not found
20-Oct-2022 12:48:10 ERROR - Hotel not booked . Room not found
20-Oct-2022 12:48:20 INFO - Hotel booked by customer
20-Oct-2022 12:48:40 INFO - Hotel searched by name
20-Oct-2022 12:48:56 ERROR - Hotel not booked . Room not found
20-Oct-2022 12:49:29 INFO - Bookings listed
20-Oct-2022 12:50:03 INFO - Booking modified
20-Oct-2022 12:50:11 INFO - Bookings listed
20-Oct-2022 12:50:34 INFO - Booking cancelled
20-Oct-2022 12:51:04 INFO - Hotel searched by name
20-Oct-2022 12:51:53 INFO - Booking payment added
20-Oct-2022 12:52:05 INFO - Booking payment added
20-Oct-2022 12:52:09 INFO - Booking payment added
20-Oct-2022 12:52:20 INFO - Payments listed
20-Oct-2022 15:30:55 INFO - New hotel added
20-Oct-2022 15:34:27 INFO - Employee added
20-Oct-2022 15:35:43 INFO - Employee payment added
20-Oct-2022 15:35:49 INFO - Employee payment added
20-Oct-2022 15:36:44 INFO - Booking payment added
20-Oct-2022 15:37:05 INFO - Booking payment added
20-Oct-2022 15:38:53 INFO - New hotel added
20-Oct-2022 15:39:17 INFO - Hotels viewed by customer
20-Oct-2022 15:41:01 INFO - Hotel booked by customer
20-Oct-2022 15:41:12 INFO - Hotels viewed by customer
20-Oct-2022 15:41:31 ERROR - Hotel not booked . Room not found
20-Oct-2022 15:44:44 INFO - Employee added
20-Oct-2022 17:04:02 INFO - Hotels viewed by customer
20-Oct-2022 17:04:41 INFO - Hotel searched by name
20-Oct-2022 17:04:54 INFO - Hotels viewed by customer
20-Oct-2022 17:05:20 INFO - Hotel booked by customer
20-Oct-2022 17:06:10 INFO - Booking modified
20-Oct-2022 17:06:41 INFO - Bookings listed
20-Oct-2022 17:07:17 INFO - Hotels viewed by customer
20-Oct-2022 17:07:35 INFO - Bookings listed
20-Oct-2022 17:07:44 INFO - Booking cancelled
20-Oct-2022 17:07:58 INFO - Hotels viewed by customer
20-Oct-2022 17:08:42 INFO - Booking payment added
20-Oct-2022 17:09:07 INFO - Payments listed
20-Oct-2022 17:10:31 INFO - Room added by employee
20-Oct-2022 17:10:47 INFO - Hotels viewed by customer
20-Oct-2022 17:11:28 INFO - Room added
20-Oct-2022 17:11:40 INFO - Hotels viewed by customer
27-Oct-2022 23:24:35 INFO - Hotels viewed by customer
